2019-07-30 07:01:28,591 INFO org.springframework.scheduling.concurrent.ExecutorConfigurationSupport [Thread-43] Shutting down ExecutorService 'applicationTaskExecutor'
2019-07-30 07:01:28,771 INFO org.springframework.boot.StartupInfoLogger [restartedMain] Starting VinapiApplication on Andrews-MacBook-Pro.local with PID 78665 (/Users/ad/eclipse-workspace/vinapi/bin/main started by ad in /Users/ad/eclipse-workspace/vinapi)
2019-07-30 07:01:28,772 INFO org.springframework.boot.SpringApplication [restartedMain] No active profile set, falling back to default profiles: default
2019-07-30 07:01:28,981 INFO org.springframework.boot.web.embedded.tomcat.TomcatWebServer [restartedMain] Tomcat initialized with port(s): 8080 (http)
2019-07-30 07:01:28,983 INFO org.apache.juli.logging.DirectJDKLog [restartedMain] Starting service [Tomcat]
2019-07-30 07:01:28,984 INFO org.apache.juli.logging.DirectJDKLog [restartedMain] Starting Servlet engine: [Apache Tomcat/9.0.21]
2019-07-30 07:01:28,991 INFO org.apache.juli.logging.DirectJDKLog [restartedMain] Initializing Spring embedded WebApplicationContext
2019-07-30 07:01:28,991 INFO org.springframework.boot.web.servlet.context.ServletWebServerApplicationContext [restartedMain] Root WebApplicationContext: initialization completed in 217 ms
2019-07-30 07:01:29,068 INFO org.springframework.scheduling.concurrent.ExecutorConfigurationSupport [restartedMain] Initializing ExecutorService 'applicationTaskExecutor'
2019-07-30 07:01:29,126 INFO org.springframework.boot.devtools.autoconfigure.OptionalLiveReloadServer [restartedMain] LiveReload server is running on port 35729
2019-07-30 07:01:29,174 INFO org.springframework.boot.web.embedded.tomcat.TomcatWebServer [restartedMain] Tomcat started on port(s): 8080 (http) with context path ''
2019-07-30 07:01:29,175 INFO org.springframework.boot.StartupInfoLogger [restartedMain] Started VinapiApplication in 0.431 seconds (JVM running for 2774.366)
2019-07-30 07:01:29,178 INFO org.springframework.boot.devtools.autoconfigure.ConditionEvaluationDeltaLoggingListener [restartedMain] Condition evaluation unchanged
2019-07-30 07:01:41,096 INFO org.apache.juli.logging.DirectJDKLog [http-nio-8080-exec-1] Initializing Spring DispatcherServlet 'dispatcherServlet'
2019-07-30 07:01:41,098 INFO org.springframework.web.servlet.FrameworkServlet [http-nio-8080-exec-1] Initializing Servlet 'dispatcherServlet'
2019-07-30 07:01:41,103 INFO org.springframework.web.servlet.FrameworkServlet [http-nio-8080-exec-1] Completed initialization in 4 ms
2019-07-30 07:01:41,106 INFO com.andydelgado.vinapi.controller.VinapiController [http-nio-8080-exec-1] Requesting /vin/5NPDH4AE7DH195017
2019-07-30 07:01:41,109 INFO com.andydelgado.vinapi.dao.VehicleDAO [http-nio-8080-exec-1] Calling NHTSA API URL: https://vpic.nhtsa.dot.gov/api/vehicles/DecodeVin/5NPDH4AE7DH195017?format=json
2019-07-30 07:01:45,145 INFO com.andydelgado.vinapi.dao.VehicleDAO [http-nio-8080-exec-1] 200 OK
2019-07-30 07:01:45,145 INFO com.andydelgado.vinapi.dao.VehicleDAO [http-nio-8080-exec-1] Vehicle [make=HYUNDAI, model=Elantra, year=2013]
2019-07-30 07:01:56,697 INFO com.andydelgado.vinapi.controller.VinapiController [http-nio-8080-exec-2] Requesting /vin/ELONMUSK123456789
2019-07-30 07:01:56,702 INFO com.andydelgado.vinapi.dao.VehicleDAO [http-nio-8080-exec-2] Calling NHTSA API URL: https://vpic.nhtsa.dot.gov/api/vehicles/DecodeVin/ELONMUSK123456789?format=json
2019-07-30 07:01:56,978 INFO com.andydelgado.vinapi.dao.VehicleDAO [http-nio-8080-exec-2] 404 NOT_FOUND
2019-07-30 07:01:56,979 INFO com.andydelgado.vinapi.dao.VehicleDAO [http-nio-8080-exec-2] Vehicle [make=null, model=null, year=null]
2019-07-30 07:02:06,989 INFO com.andydelgado.vinapi.controller.VinapiController [http-nio-8080-exec-3] Requesting /vin/KNDMB233066039805
2019-07-30 07:02:06,994 INFO com.andydelgado.vinapi.dao.VehicleDAO [http-nio-8080-exec-3] Calling NHTSA API URL: https://vpic.nhtsa.dot.gov/api/vehicles/DecodeVin/KNDMB233066039805?format=json
2019-07-30 07:02:07,297 INFO com.andydelgado.vinapi.dao.VehicleDAO [http-nio-8080-exec-3] 200 OK
2019-07-30 07:02:07,298 INFO com.andydelgado.vinapi.dao.VehicleDAO [http-nio-8080-exec-3] Vehicle [make=KIA, model=Sedona, year=2006]
2019-07-30 07:02:15,129 INFO com.andydelgado.vinapi.controller.VinapiController [http-nio-8080-exec-4] Requesting /vin/12345678901234567
2019-07-30 07:02:15,131 INFO com.andydelgado.vinapi.dao.VehicleDAO [http-nio-8080-exec-4] Calling NHTSA API URL: https://vpic.nhtsa.dot.gov/api/vehicles/DecodeVin/12345678901234567?format=json
2019-07-30 07:02:15,410 INFO com.andydelgado.vinapi.dao.VehicleDAO [http-nio-8080-exec-4] 404 NOT_FOUND
2019-07-30 07:02:15,410 INFO com.andydelgado.vinapi.dao.VehicleDAO [http-nio-8080-exec-4] Vehicle [make=null, model=null, year=null]
2019-07-30 07:02:25,384 INFO com.andydelgado.vinapi.dao.VehicleDAO [http-nio-8080-exec-5] Adding vehicle. Vin: ELONMUSK123456789 Vehicle: Vehicle [make=BORING, model=Tunneler, year=2017]
2019-07-30 07:02:29,150 INFO com.andydelgado.vinapi.controller.VinapiController [http-nio-8080-exec-6] Requesting /vin/ELONMUSK123456789
2019-07-30 07:02:33,223 INFO com.andydelgado.vinapi.controller.VinapiController [http-nio-8080-exec-7] Requesting /vin/5NPDH4AE7DH195017
2019-07-30 18:58:37,801 INFO org.springframework.boot.admin.SpringApplicationAdminMXBeanRegistrar$SpringApplicationAdmin [RMI TCP Connection(183)-127.0.0.1] Application shutdown requested.
2019-07-30 18:58:37,807 INFO org.springframework.scheduling.concurrent.ExecutorConfigurationSupport [RMI TCP Connection(183)-127.0.0.1] Shutting down ExecutorService 'applicationTaskExecutor'
2019-07-30 20:10:50,464 INFO org.springframework.boot.StartupInfoLogger [restartedMain] Starting VinapiApplication on Andrews-MacBook-Pro.local with PID 99998 (/Users/ad/eclipse-workspace/vinapi/build/classes/java/main started by ad in /Users/ad/eclipse-workspace/vinapi)
2019-07-30 20:10:50,471 INFO org.springframework.boot.SpringApplication [restartedMain] No active profile set, falling back to default profiles: default
2019-07-30 20:10:50,573 INFO org.springframework.boot.logging.DeferredLog [restartedMain] Devtools property defaults active! Set 'spring.devtools.add-properties' to 'false' to disable
2019-07-30 20:10:50,574 INFO org.springframework.boot.logging.DeferredLog [restartedMain] For additional web related logging consider setting the 'logging.level.web' property to 'DEBUG'
2019-07-30 20:10:52,853 INFO org.springframework.boot.web.embedded.tomcat.TomcatWebServer [restartedMain] Tomcat initialized with port(s): 8080 (http)
2019-07-30 20:10:52,888 INFO org.apache.juli.logging.DirectJDKLog [restartedMain] Initializing ProtocolHandler ["http-nio-8080"]
2019-07-30 20:10:52,916 INFO org.apache.juli.logging.DirectJDKLog [restartedMain] Starting service [Tomcat]
2019-07-30 20:10:52,917 INFO org.apache.juli.logging.DirectJDKLog [restartedMain] Starting Servlet engine: [Apache Tomcat/9.0.21]
2019-07-30 20:10:53,088 INFO org.apache.juli.logging.DirectJDKLog [restartedMain] Initializing Spring embedded WebApplicationContext
2019-07-30 20:10:53,097 INFO org.springframework.boot.web.servlet.context.ServletWebServerApplicationContext [restartedMain] Root WebApplicationContext: initialization completed in 2515 ms
2019-07-30 20:10:53,771 INFO org.springframework.scheduling.concurrent.ExecutorConfigurationSupport [restartedMain] Initializing ExecutorService 'applicationTaskExecutor'
2019-07-30 20:10:54,130 INFO org.springframework.boot.devtools.autoconfigure.OptionalLiveReloadServer [restartedMain] LiveReload server is running on port 35729
2019-07-30 20:10:54,177 INFO org.apache.juli.logging.DirectJDKLog [restartedMain] Starting ProtocolHandler ["http-nio-8080"]
2019-07-30 20:10:54,234 INFO org.springframework.boot.web.embedded.tomcat.TomcatWebServer [restartedMain] Tomcat started on port(s): 8080 (http) with context path ''
2019-07-30 20:10:54,240 INFO org.springframework.boot.StartupInfoLogger [restartedMain] Started VinapiApplication in 4.325 seconds (JVM running for 5.251)
2019-07-30 20:11:34,743 INFO org.apache.juli.logging.DirectJDKLog [http-nio-8080-exec-1] Initializing Spring DispatcherServlet 'dispatcherServlet'
2019-07-30 20:11:34,743 INFO org.springframework.web.servlet.FrameworkServlet [http-nio-8080-exec-1] Initializing Servlet 'dispatcherServlet'
2019-07-30 20:11:34,758 INFO org.springframework.web.servlet.FrameworkServlet [http-nio-8080-exec-1] Completed initialization in 14 ms
2019-07-30 20:11:34,817 INFO com.andydelgado.vinapi.controller.VinapiController [http-nio-8080-exec-1] Requesting /vin/5NPDH4AE7DH195017
2019-07-30 20:11:34,845 INFO com.andydelgado.vinapi.dao.VehicleDAO [http-nio-8080-exec-1] Calling NHTSA API URL: https://vpic.nhtsa.dot.gov/api/vehicles/DecodeVin/5NPDH4AE7DH195017?format=json
2019-07-30 20:11:39,038 INFO com.andydelgado.vinapi.dao.VehicleDAO [http-nio-8080-exec-1] 200 OK
2019-07-30 20:11:39,039 INFO com.andydelgado.vinapi.dao.VehicleDAO [http-nio-8080-exec-1] Vehicle [make=HYUNDAI, model=Elantra, year=2013]
2019-07-30 20:11:45,271 INFO com.andydelgado.vinapi.controller.VinapiController [http-nio-8080-exec-2] Requesting /vin/ELONMUSK123456789
2019-07-30 20:11:45,274 INFO com.andydelgado.vinapi.dao.VehicleDAO [http-nio-8080-exec-2] Calling NHTSA API URL: https://vpic.nhtsa.dot.gov/api/vehicles/DecodeVin/ELONMUSK123456789?format=json
2019-07-30 20:11:45,658 INFO com.andydelgado.vinapi.dao.VehicleDAO [http-nio-8080-exec-2] 404 NOT_FOUND
2019-07-30 20:11:45,659 INFO com.andydelgado.vinapi.dao.VehicleDAO [http-nio-8080-exec-2] Vehicle [make=null, model=null, year=null]
2019-07-30 20:11:48,999 INFO com.andydelgado.vinapi.dao.VehicleDAO [http-nio-8080-exec-3] Adding vehicle. Vin: ELONMUSK123456789 Vehicle: Vehicle [make=BORING, model=Tunneler, year=2017]
2019-07-30 20:11:52,752 INFO com.andydelgado.vinapi.controller.VinapiController [http-nio-8080-exec-4] Requesting /vin/ELONMUSK123456789
2019-07-30 20:11:58,575 INFO org.springframework.scheduling.concurrent.ExecutorConfigurationSupport [Thread-10] Shutting down ExecutorService 'applicationTaskExecutor'
