2019-07-29 22:15:25,033 INFO org.springframework.boot.StartupInfoLogger [restartedMain] Starting VinapiApplication on Andrews-MacBook-Pro.local with PID 78665 (/Users/ad/eclipse-workspace/vinapi/bin/main started by ad in /Users/ad/eclipse-workspace/vinapi)
2019-07-29 22:15:25,034 INFO org.springframework.boot.SpringApplication [restartedMain] No active profile set, falling back to default profiles: default
2019-07-29 22:15:25,247 INFO org.springframework.boot.web.embedded.tomcat.TomcatWebServer [restartedMain] Tomcat initialized with port(s): 8080 (http)
2019-07-29 22:15:25,248 INFO org.apache.juli.logging.DirectJDKLog [restartedMain] Starting service [Tomcat]
2019-07-29 22:15:25,249 INFO org.apache.juli.logging.DirectJDKLog [restartedMain] Starting Servlet engine: [Apache Tomcat/9.0.21]
2019-07-29 22:15:25,255 INFO org.apache.juli.logging.DirectJDKLog [restartedMain] Initializing Spring embedded WebApplicationContext
2019-07-29 22:15:25,256 INFO org.springframework.boot.web.servlet.context.ServletWebServerApplicationContext [restartedMain] Root WebApplicationContext: initialization completed in 220 ms
2019-07-29 22:15:25,327 INFO org.springframework.scheduling.concurrent.ExecutorConfigurationSupport [restartedMain] Initializing ExecutorService 'applicationTaskExecutor'
2019-07-29 22:15:25,383 INFO org.springframework.boot.devtools.autoconfigure.OptionalLiveReloadServer [restartedMain] LiveReload server is running on port 35729
2019-07-29 22:15:25,398 INFO org.springframework.boot.web.embedded.tomcat.TomcatWebServer [restartedMain] Tomcat started on port(s): 8080 (http) with context path ''
2019-07-29 22:15:25,399 INFO org.springframework.boot.StartupInfoLogger [restartedMain] Started VinapiApplication in 0.603 seconds (JVM running for 1155.993)
2019-07-29 22:15:25,401 INFO org.springframework.boot.devtools.autoconfigure.ConditionEvaluationDeltaLoggingListener [restartedMain] Condition evaluation unchanged
2019-07-29 22:15:37,704 INFO org.apache.juli.logging.DirectJDKLog [http-nio-8080-exec-1] Initializing Spring DispatcherServlet 'dispatcherServlet'
2019-07-29 22:15:37,705 INFO org.springframework.web.servlet.FrameworkServlet [http-nio-8080-exec-1] Initializing Servlet 'dispatcherServlet'
2019-07-29 22:15:37,710 INFO org.springframework.web.servlet.FrameworkServlet [http-nio-8080-exec-1] Completed initialization in 5 ms
2019-07-29 22:15:37,716 INFO com.andydelgado.vinapi.controller.VinapiController [http-nio-8080-exec-1] Requesting /vin/ELONMUSK123456789
2019-07-29 22:15:37,721 INFO com.andydelgado.vinapi.dao.VehicleDAO [http-nio-8080-exec-1] Calling NHTSA API URL: https://vpic.nhtsa.dot.gov/api/vehicles/DecodeVin/ELONMUSK123456789?format=json
2019-07-29 22:15:38,050 INFO com.andydelgado.vinapi.dao.VehicleDAO [http-nio-8080-exec-1] 404 NOT_FOUND
2019-07-29 22:15:38,051 INFO com.andydelgado.vinapi.dao.VehicleDAO [http-nio-8080-exec-1] Vehicle [make=null, model=null, year=null]
2019-07-29 22:15:41,603 INFO com.andydelgado.vinapi.dao.VehicleDAO [http-nio-8080-exec-2] Adding vehicle. Vin: ELONMUSK123456789 Vehicle: Vehicle [make=BORING, model=Tunneler, year=2017]
2019-07-29 22:15:45,945 INFO com.andydelgado.vinapi.controller.VinapiController [http-nio-8080-exec-3] Requesting /vin/ELONMUSK123456789
2019-07-29 22:15:49,286 INFO com.andydelgado.vinapi.controller.VinapiController [http-nio-8080-exec-4] Requesting /vin/KNDMB233066039805
2019-07-29 22:15:49,289 INFO com.andydelgado.vinapi.dao.VehicleDAO [http-nio-8080-exec-4] Calling NHTSA API URL: https://vpic.nhtsa.dot.gov/api/vehicles/DecodeVin/KNDMB233066039805?format=json
2019-07-29 22:15:49,619 INFO com.andydelgado.vinapi.dao.VehicleDAO [http-nio-8080-exec-4] 200 OK
2019-07-29 22:15:49,620 INFO com.andydelgado.vinapi.dao.VehicleDAO [http-nio-8080-exec-4] Vehicle [make=KIA, model=Sedona, year=2006]
2019-07-29 22:15:52,875 INFO com.andydelgado.vinapi.controller.VinapiController [http-nio-8080-exec-5] Requesting /vin/12345678901234567
2019-07-29 22:15:52,877 INFO com.andydelgado.vinapi.dao.VehicleDAO [http-nio-8080-exec-5] Calling NHTSA API URL: https://vpic.nhtsa.dot.gov/api/vehicles/DecodeVin/12345678901234567?format=json
2019-07-29 22:15:52,998 INFO com.andydelgado.vinapi.dao.VehicleDAO [http-nio-8080-exec-5] 404 NOT_FOUND
2019-07-29 22:15:52,999 INFO com.andydelgado.vinapi.dao.VehicleDAO [http-nio-8080-exec-5] Vehicle [make=null, model=null, year=null]
